  Camera.cpp
  CoreEngine.cpp
  OctSpatialPartition.cpp
  Timer.cpp
  Window.cpp
  EventListener.cpp
  MouseEventListener.cpp
D:\School\1ENGINES5\Day1\Day1\Engine\Events\MouseEventListener.cpp(76,54): warning C4244: '=': conversion from 'T' to 'int', possible loss of data
          with
          [
              T=float
          ]
D:\School\1ENGINES5\Day1\Day1\Engine\Events\MouseEventListener.cpp(79,27): warning C4244: '=': conversion from 'int' to 'T', possible loss of data
          with
          [
              T=float
          ]
D:\School\1ENGINES5\Day1\Day1\Engine\Events\MouseEventListener.cpp(80,27): warning C4244: '=': conversion from 'int' to 'T', possible loss of data
          with
          [
              T=float
          ]
D:\School\1ENGINES5\Day1\Day1\Engine\Events\MouseEventListener.cpp(85,13): warning C4244: '=': conversion from 'int' to 'T', possible loss of data
          with
          [
              T=float
          ]
D:\School\1ENGINES5\Day1\Day1\Engine\Events\MouseEventListener.cpp(86,13): warning C4244: '=': conversion from 'int' to 'T', possible loss of data
          with
          [
              T=float
          ]
  LightSource.cpp
  MaterialLoader.cpp
  MaterialHandler.cpp
  TextureHandler.cpp
D:\School\1ENGINES5\Day1\Day1\Engine\Graphics\TextureHandler.cpp(60,20): warning C4244: '=': conversion from 'int' to 'float', possible loss of data
D:\School\1ENGINES5\Day1\Day1\Engine\Graphics\TextureHandler.cpp(61,21): warning C4244: '=': conversion from 'int' to 'float', possible loss of data
  CollisionDetection.cpp
  CollisionHandler.cpp
  GameObject.cpp
  LoadOBJModel.cpp
D:\School\1ENGINES5\Day1\Day1\Engine\Rendering\3D\LoadOBJModel.cpp(212,20): warning C4018: '<': signed/unsigned mismatch
  Mesh.cpp
D:\School\1ENGINES5\Day1\Day1\Engine\Rendering\3D\Mesh.cpp(72,20): warning C4018: '<': signed/unsigned mismatch
  Model.cpp
D:\School\1ENGINES5\Day1\Day1\Engine\Rendering\3D\Model.cpp(56,20): warning C4018: '<': signed/unsigned mismatch
  SceneGraph.cpp
D:\School\1ENGINES5\Day1\Day1\Engine\Rendering\SceneGraph.cpp(129,32): warning C4244: '=': conversion from 'double' to 'T', possible loss of data
          with
          [
              T=float
          ]
D:\School\1ENGINES5\Day1\Day1\Engine\Rendering\SceneGraph.cpp(130,32): warning C4244: '=': conversion from 'double' to 'T', possible loss of data
          with
          [
              T=float
          ]
D:\School\1ENGINES5\Day1\Day1\Engine\Rendering\SceneGraph.cpp(131,32): warning C4244: '=': conversion from 'double' to 'T', possible loss of data
          with
          [
              T=float
          ]
D:\School\1ENGINES5\Day1\Day1\Engine\Rendering\SceneGraph.cpp(132,32): warning C4244: '=': conversion from 'double' to 'T', possible loss of data
          with
          [
              T=float
          ]
D:\School\1ENGINES5\Day1\Day1\Engine\Rendering\SceneGraph.cpp(137,34): warning C4244: '=': conversion from 'double' to 'T', possible loss of data
          with
          [
              T=float
          ]
D:\School\1ENGINES5\Day1\Day1\Engine\Rendering\SceneGraph.cpp(138,34): warning C4244: '=': conversion from 'double' to 'T', possible loss of data
          with
          [
              T=float
          ]
D:\School\1ENGINES5\Day1\Day1\Engine\Rendering\SceneGraph.cpp(139,34): warning C4244: '=': conversion from 'double' to 'T', possible loss of data
          with
          [
              T=float
          ]
D:\School\1ENGINES5\Day1\Day1\Engine\Rendering\SceneGraph.cpp(140,34): warning C4244: '=': conversion from 'double' to 'T', possible loss of data
          with
          [
              T=float
          ]
D:\School\1ENGINES5\Day1\Day1\Engine\Rendering\SceneGraph.cpp(145,34): warning C4244: '=': conversion from 'double' to 'T', possible loss of data
          with
          [
              T=float
          ]
D:\School\1ENGINES5\Day1\Day1\Engine\Rendering\SceneGraph.cpp(146,34): warning C4244: '=': conversion from 'double' to 'T', possible loss of data
          with
          [
              T=float
          ]
D:\School\1ENGINES5\Day1\Day1\Engine\Rendering\SceneGraph.cpp(147,34): warning C4244: '=': conversion from 'double' to 'T', possible loss of data
          with
          [
              T=float
          ]
D:\School\1ENGINES5\Day1\Day1\Engine\Rendering\SceneGraph.cpp(148,34): warning C4244: '=': conversion from 'double' to 'T', possible loss of data
          with
          [
              T=float
          ]
D:\School\1ENGINES5\Day1\Day1\Engine\Rendering\SceneGraph.cpp(153,35): warning C4244: '=': conversion from 'double' to 'T', possible loss of data
          with
          [
              T=float
          ]
D:\School\1ENGINES5\Day1\Day1\Engine\Rendering\SceneGraph.cpp(154,35): warning C4244: '=': conversion from 'double' to 'T', possible loss of data
          with
          [
              T=float
          ]
D:\School\1ENGINES5\Day1\Day1\Engine\Rendering\SceneGraph.cpp(155,35): warning C4244: '=': conversion from 'double' to 'T', possible loss of data
          with
          [
              T=float
          ]
D:\School\1ENGINES5\Day1\Day1\Engine\Rendering\SceneGraph.cpp(156,35): warning C4244: '=': conversion from 'double' to 'T', possible loss of data
          with
          [
              T=float
          ]
D:\School\1ENGINES5\Day1\Day1\Engine\Rendering\SceneGraph.cpp(161,34): warning C4244: '=': conversion from 'double' to 'T', possible loss of data
          with
          [
              T=float
          ]
D:\School\1ENGINES5\Day1\Day1\Engine\Rendering\SceneGraph.cpp(162,34): warning C4244: '=': conversion from 'double' to 'T', possible loss of data
          with
          [
              T=float
          ]
D:\School\1ENGINES5\Day1\Day1\Engine\Rendering\SceneGraph.cpp(163,34): warning C4244: '=': conversion from 'double' to 'T', possible loss of data
          with
          [
              T=float
          ]
D:\School\1ENGINES5\Day1\Day1\Engine\Rendering\SceneGraph.cpp(164,34): warning C4244: '=': conversion from 'double' to 'T', possible loss of data
          with
          [
              T=float
          ]
D:\School\1ENGINES5\Day1\Day1\Engine\Rendering\SceneGraph.cpp(169,33): warning C4244: '=': conversion from 'double' to 'T', possible loss of data
          with
          [
              T=float
          ]
D:\School\1ENGINES5\Day1\Day1\Engine\Rendering\SceneGraph.cpp(170,33): warning C4244: '=': conversion from 'double' to 'T', possible loss of data
          with
          [
              T=float
          ]
D:\School\1ENGINES5\Day1\Day1\Engine\Rendering\SceneGraph.cpp(171,33): warning C4244: '=': conversion from 'double' to 'T', possible loss of data
          with
          [
              T=float
          ]
D:\School\1ENGINES5\Day1\Day1\Engine\Rendering\SceneGraph.cpp(172,33): warning C4244: '=': conversion from 'double' to 'T', possible loss of data
          with
          [
              T=float
          ]
  Game1.cpp
  GameScene.cpp
  Generating Code...
  Compiling...
  StartScene.cpp
  Main.cpp
  Generating Code...
  Day1.vcxproj -> D:\School\1ENGINES5\Day1\Debug\Day1.exe
