Main.obj : error LNK2019: unresolved external symbol _SDL_CreateWindow referenced in function "private: void __thiscall HelloTriangleApplication::initWindow(void)" (?initWindow@HelloTriangleApplication@@AAEXXZ)
Main.obj : error LNK2019: unresolved external symbol _SDL_DestroyWindow referenced in function "private: void __thiscall HelloTriangleApplication::cleanup(void)" (?cleanup@HelloTriangleApplication@@AAEXXZ)
Main.obj : error LNK2019: unresolved external symbol _SDL_Init referenced in function "private: void __thiscall HelloTriangleApplication::initWindow(void)" (?initWindow@HelloTriangleApplication@@AAEXXZ)
Main.obj : error LNK2019: unresolved external symbol _vkCreateInstance@12 referenced in function "private: void __thiscall HelloTriangleApplication::createInstance(void)" (?createInstance@HelloTriangleApplication@@AAEXXZ)
Main.obj : error LNK2019: unresolved external symbol _vkDestroyInstance@8 referenced in function "private: void __thiscall HelloTriangleApplication::cleanup(void)" (?cleanup@HelloTriangleApplication@@AAEXXZ)
Main.obj : error LNK2019: unresolved external symbol _vkEnumeratePhysicalDevices@12 referenced in function "private: void __thiscall HelloTriangleApplication::pickPhysicalDevice(void)" (?pickPhysicalDevice@HelloTriangleApplication@@AAEXXZ)
Main.obj : error LNK2019: unresolved external symbol _vkGetPhysicalDeviceQueueFamilyProperties@12 referenced in function "private: struct QueueFamilyIndices __thiscall HelloTriangleApplication::findQueueFamilies(struct VkPhysicalDevice_T *)" (?findQueueFamilies@HelloTriangleApplication@@AAE?AUQueueFamilyIndices@@PAUVkPhysicalDevice_T@@@Z)
Main.obj : error LNK2019: unresolved external symbol _vkGetInstanceProcAddr@8 referenced in function "enum VkResult __cdecl CreateDebugUtilsMessengerEXT(struct VkInstance_T *,struct VkDebugUtilsMessengerCreateInfoEXT const *,struct VkAllocationCallbacks const *,unsigned __int64 *)" (?CreateDebugUtilsMessengerEXT@@YA?AW4VkResult@@PAUVkInstance_T@@PBUVkDebugUtilsMessengerCreateInfoEXT@@PBUVkAllocationCallbacks@@PA_K@Z)
Main.obj : error LNK2019: unresolved external symbol _vkCreateDevice@16 referenced in function "private: void __thiscall HelloTriangleApplication::createLogicalDevice(void)" (?createLogicalDevice@HelloTriangleApplication@@AAEXXZ)
Main.obj : error LNK2019: unresolved external symbol _vkDestroyDevice@8 referenced in function "private: void __thiscall HelloTriangleApplication::cleanup(void)" (?cleanup@HelloTriangleApplication@@AAEXXZ)
Main.obj : error LNK2019: unresolved external symbol _vkEnumerateDeviceExtensionProperties@16 referenced in function "private: bool __thiscall HelloTriangleApplication::checkDeviceExtensionSupport(struct VkPhysicalDevice_T *)" (?checkDeviceExtensionSupport@HelloTriangleApplication@@AAE_NPAUVkPhysicalDevice_T@@@Z)
Main.obj : error LNK2019: unresolved external symbol _vkEnumerateInstanceLayerProperties@8 referenced in function "private: bool __thiscall HelloTriangleApplication::checkValidationLayerSupport(void)" (?checkValidationLayerSupport@HelloTriangleApplication@@AAE_NXZ)
Main.obj : error LNK2019: unresolved external symbol _vkGetDeviceQueue@16 referenced in function "private: void __thiscall HelloTriangleApplication::createLogicalDevice(void)" (?createLogicalDevice@HelloTriangleApplication@@AAEXXZ)
Main.obj : error LNK2019: unresolved external symbol _vkQueueSubmit@20 referenced in function "private: void __thiscall HelloTriangleApplication::drawFrame(void)" (?drawFrame@HelloTriangleApplication@@AAEXXZ)
Main.obj : error LNK2019: unresolved external symbol _vkDeviceWaitIdle@4 referenced in function "private: void __thiscall HelloTriangleApplication::mainLoop(void)" (?mainLoop@HelloTriangleApplication@@AAEXXZ)
Main.obj : error LNK2019: unresolved external symbol _vkCreateFence@16 referenced in function "private: void __thiscall HelloTriangleApplication::createSyncObjects(void)" (?createSyncObjects@HelloTriangleApplication@@AAEXXZ)
Main.obj : error LNK2019: unresolved external symbol _vkDestroyFence@16 referenced in function "private: void __thiscall HelloTriangleApplication::cleanup(void)" (?cleanup@HelloTriangleApplication@@AAEXXZ)
Main.obj : error LNK2019: unresolved external symbol _vkResetFences@12 referenced in function "private: void __thiscall HelloTriangleApplication::drawFrame(void)" (?drawFrame@HelloTriangleApplication@@AAEXXZ)
Main.obj : error LNK2019: unresolved external symbol _vkWaitForFences@24 referenced in function "private: void __thiscall HelloTriangleApplication::drawFrame(void)" (?drawFrame@HelloTriangleApplication@@AAEXXZ)
Main.obj : error LNK2019: unresolved external symbol _vkCreateSemaphore@16 referenced in function "private: void __thiscall HelloTriangleApplication::createSyncObjects(void)" (?createSyncObjects@HelloTriangleApplication@@AAEXXZ)
Main.obj : error LNK2019: unresolved external symbol _vkDestroySemaphore@16 referenced in function "private: void __thiscall HelloTriangleApplication::cleanup(void)" (?cleanup@HelloTriangleApplication@@AAEXXZ)
Main.obj : error LNK2019: unresolved external symbol _vkCreateImageView@16 referenced in function "private: void __thiscall HelloTriangleApplication::createImageViews(void)" (?createImageViews@HelloTriangleApplication@@AAEXXZ)
Main.obj : error LNK2019: unresolved external symbol _vkDestroyImageView@16 referenced in function "private: void __thiscall HelloTriangleApplication::cleanup(void)" (?cleanup@HelloTriangleApplication@@AAEXXZ)
Main.obj : error LNK2019: unresolved external symbol _vkCreateShaderModule@16 referenced in function "private: unsigned __int64 __thiscall HelloTriangleApplication::createShaderModule(class std::vector<char,class std::allocator<char> > const &)" (?createShaderModule@HelloTriangleApplication@@AAE_KABV?$vector@DV?$allocator@D@std@@@std@@@Z)
Main.obj : error LNK2019: unresolved external symbol _vkDestroyShaderModule@16 referenced in function "private: void __thiscall HelloTriangleApplication::createGraphicsPipeline(void)" (?createGraphicsPipeline@HelloTriangleApplication@@AAEXXZ)
Main.obj : error LNK2019: unresolved external symbol _vkCreateGraphicsPipelines@28 referenced in function "private: void __thiscall HelloTriangleApplication::createGraphicsPipeline(void)" (?createGraphicsPipeline@HelloTriangleApplication@@AAEXXZ)
Main.obj : error LNK2019: unresolved external symbol _vkDestroyPipeline@16 referenced in function "private: void __thiscall HelloTriangleApplication::cleanup(void)" (?cleanup@HelloTriangleApplication@@AAEXXZ)
Main.obj : error LNK2019: unresolved external symbol _vkCreatePipelineLayout@16 referenced in function "private: void __thiscall HelloTriangleApplication::createGraphicsPipeline(void)" (?createGraphicsPipeline@HelloTriangleApplication@@AAEXXZ)
Main.obj : error LNK2019: unresolved external symbol _vkDestroyPipelineLayout@16 referenced in function "private: void __thiscall HelloTriangleApplication::cleanup(void)" (?cleanup@HelloTriangleApplication@@AAEXXZ)
Main.obj : error LNK2019: unresolved external symbol _vkCreateFramebuffer@16 referenced in function "private: void __thiscall HelloTriangleApplication::createFramebuffers(void)" (?createFramebuffers@HelloTriangleApplication@@AAEXXZ)
Main.obj : error LNK2019: unresolved external symbol _vkDestroyFramebuffer@16 referenced in function "private: void __thiscall HelloTriangleApplication::cleanup(void)" (?cleanup@HelloTriangleApplication@@AAEXXZ)
Main.obj : error LNK2019: unresolved external symbol _vkCreateRenderPass@16 referenced in function "private: void __thiscall HelloTriangleApplication::createRenderPass(void)" (?createRenderPass@HelloTriangleApplication@@AAEXXZ)
Main.obj : error LNK2019: unresolved external symbol _vkDestroyRenderPass@16 referenced in function "private: void __thiscall HelloTriangleApplication::cleanup(void)" (?cleanup@HelloTriangleApplication@@AAEXXZ)
Main.obj : error LNK2019: unresolved external symbol _vkCreateCommandPool@16 referenced in function "private: void __thiscall HelloTriangleApplication::createCommandPool(void)" (?createCommandPool@HelloTriangleApplication@@AAEXXZ)
Main.obj : error LNK2019: unresolved external symbol _vkDestroyCommandPool@16 referenced in function "private: void __thiscall HelloTriangleApplication::cleanup(void)" (?cleanup@HelloTriangleApplication@@AAEXXZ)
Main.obj : error LNK2019: unresolved external symbol _vkAllocateCommandBuffers@12 referenced in function "private: void __thiscall HelloTriangleApplication::createCommandBuffers(void)" (?createCommandBuffers@HelloTriangleApplication@@AAEXXZ)
Main.obj : error LNK2019: unresolved external symbol _vkBeginCommandBuffer@8 referenced in function "private: void __thiscall HelloTriangleApplication::createCommandBuffers(void)" (?createCommandBuffers@HelloTriangleApplication@@AAEXXZ)
Main.obj : error LNK2019: unresolved external symbol _vkEndCommandBuffer@4 referenced in function "private: void __thiscall HelloTriangleApplication::createCommandBuffers(void)" (?createCommandBuffers@HelloTriangleApplication@@AAEXXZ)
Main.obj : error LNK2019: unresolved external symbol _vkCmdBindPipeline@16 referenced in function "private: void __thiscall HelloTriangleApplication::createCommandBuffers(void)" (?createCommandBuffers@HelloTriangleApplication@@AAEXXZ)
Main.obj : error LNK2019: unresolved external symbol _vkCmdDraw@20 referenced in function "private: void __thiscall HelloTriangleApplication::createCommandBuffers(void)" (?createCommandBuffers@HelloTriangleApplication@@AAEXXZ)
Main.obj : error LNK2019: unresolved external symbol _vkCmdBeginRenderPass@12 referenced in function "private: void __thiscall HelloTriangleApplication::createCommandBuffers(void)" (?createCommandBuffers@HelloTriangleApplication@@AAEXXZ)
Main.obj : error LNK2019: unresolved external symbol _vkCmdEndRenderPass@4 referenced in function "private: void __thiscall HelloTriangleApplication::createCommandBuffers(void)" (?createCommandBuffers@HelloTriangleApplication@@AAEXXZ)
Main.obj : error LNK2019: unresolved external symbol _vkDestroySurfaceKHR@16 referenced in function "private: void __thiscall HelloTriangleApplication::cleanup(void)" (?cleanup@HelloTriangleApplication@@AAEXXZ)
Main.obj : error LNK2019: unresolved external symbol _vkGetPhysicalDeviceSurfaceSupportKHR@20 referenced in function "private: struct QueueFamilyIndices __thiscall HelloTriangleApplication::findQueueFamilies(struct VkPhysicalDevice_T *)" (?findQueueFamilies@HelloTriangleApplication@@AAE?AUQueueFamilyIndices@@PAUVkPhysicalDevice_T@@@Z)
Main.obj : error LNK2019: unresolved external symbol _vkGetPhysicalDeviceSurfaceCapabilitiesKHR@16 referenced in function "private: struct SwapChainSupportDetails __thiscall HelloTriangleApplication::querySwapChainSupport(struct VkPhysicalDevice_T *)" (?querySwapChainSupport@HelloTriangleApplication@@AAE?AUSwapChainSupportDetails@@PAUVkPhysicalDevice_T@@@Z)
Main.obj : error LNK2019: unresolved external symbol _vkGetPhysicalDeviceSurfaceFormatsKHR@20 referenced in function "private: struct SwapChainSupportDetails __thiscall HelloTriangleApplication::querySwapChainSupport(struct VkPhysicalDevice_T *)" (?querySwapChainSupport@HelloTriangleApplication@@AAE?AUSwapChainSupportDetails@@PAUVkPhysicalDevice_T@@@Z)
Main.obj : error LNK2019: unresolved external symbol _vkGetPhysicalDeviceSurfacePresentModesKHR@20 referenced in function "private: struct SwapChainSupportDetails __thiscall HelloTriangleApplication::querySwapChainSupport(struct VkPhysicalDevice_T *)" (?querySwapChainSupport@HelloTriangleApplication@@AAE?AUSwapChainSupportDetails@@PAUVkPhysicalDevice_T@@@Z)
Main.obj : error LNK2019: unresolved external symbol _vkCreateSwapchainKHR@16 referenced in function "private: void __thiscall HelloTriangleApplication::createSwapChain(void)" (?createSwapChain@HelloTriangleApplication@@AAEXXZ)
Main.obj : error LNK2019: unresolved external symbol _vkDestroySwapchainKHR@16 referenced in function "private: void __thiscall HelloTriangleApplication::cleanup(void)" (?cleanup@HelloTriangleApplication@@AAEXXZ)
Main.obj : error LNK2019: unresolved external symbol _vkGetSwapchainImagesKHR@20 referenced in function "private: void __thiscall HelloTriangleApplication::createSwapChain(void)" (?createSwapChain@HelloTriangleApplication@@AAEXXZ)
Main.obj : error LNK2019: unresolved external symbol _vkAcquireNextImageKHR@40 referenced in function "private: void __thiscall HelloTriangleApplication::drawFrame(void)" (?drawFrame@HelloTriangleApplication@@AAEXXZ)
Main.obj : error LNK2019: unresolved external symbol _vkQueuePresentKHR@8 referenced in function "private: void __thiscall HelloTriangleApplication::drawFrame(void)" (?drawFrame@HelloTriangleApplication@@AAEXXZ)
Main.obj : error LNK2019: unresolved external symbol _SDL_Vulkan_GetInstanceExtensions referenced in function "private: class std::vector<char const *,class std::allocator<char const *> > __thiscall HelloTriangleApplication::getRequiredExtensions(void)" (?getRequiredExtensions@HelloTriangleApplication@@AAE?AV?$vector@PBDV?$allocator@PBD@std@@@std@@XZ)
Main.obj : error LNK2019: unresolved external symbol _SDL_Vulkan_CreateSurface referenced in function "private: void __thiscall HelloTriangleApplication::createSurface(void)" (?createSurface@HelloTriangleApplication@@AAEXXZ)
MSVCRTD.lib(exe_main.obj) : error LNK2019: unresolved external symbol _main referenced in function "int __cdecl invoke_main(void)" (?invoke_main@@YAHXZ)
C:\GameDev\SDL\lib\x64\SDL2.lib : warning LNK4272: library machine type 'x64' conflicts with target machine type 'x86'
C:\GameDev\SDL\lib\x64\SDL2_image.lib : warning LNK4272: library machine type 'x64' conflicts with target machine type 'x86'
C:\GameDev\SDL\lib\x64\SDL2main.lib : warning LNK4272: library machine type 'x64' conflicts with target machine type 'x86'
C:\GameDev\SDL\lib\x64\SDL2test.lib : warning LNK4272: library machine type 'x64' conflicts with target machine type 'x86'
D:\School\3GPU\MaybeWorking\Debug\MaybeWorking.exe : fatal error LNK1120: 55 unresolved externals
